c:\users\nerti\onedrive\desktop\csgo trash\dopamine fix\intermediates\vc142.pdb
c:\users\nerti\onedrive\desktop\csgo trash\dopamine fix\intermediates\imgui_draw.obj
c:\users\nerti\onedrive\desktop\csgo trash\dopamine fix\intermediates\imgui.obj
c:\users\nerti\onedrive\desktop\csgo trash\dopamine fix\intermediates\imgui_impl_dx9.obj
c:\users\nerti\onedrive\desktop\csgo trash\dopamine fix\intermediates\config.obj
c:\users\nerti\onedrive\desktop\csgo trash\dopamine fix\intermediates\skinchanger.obj
c:\users\nerti\onedrive\desktop\csgo trash\dopamine fix\intermediates\parser.obj
c:\users\nerti\onedrive\desktop\csgo trash\dopamine fix\intermediates\glovechanger.obj
c:\users\nerti\onedrive\desktop\csgo trash\dopamine fix\intermediates\movement.obj
c:\users\nerti\onedrive\desktop\csgo trash\dopamine fix\intermediates\prediction.obj
c:\users\nerti\onedrive\desktop\csgo trash\dopamine fix\intermediates\hitmarker.obj
c:\users\nerti\onedrive\desktop\csgo trash\dopamine fix\intermediates\events.obj
c:\users\nerti\onedrive\desktop\csgo trash\dopamine fix\intermediates\logs.obj
c:\users\nerti\onedrive\desktop\csgo trash\dopamine fix\intermediates\view_matrix.obj
c:\users\nerti\onedrive\desktop\csgo trash\dopamine fix\intermediates\vector3d.obj
c:\users\nerti\onedrive\desktop\csgo trash\dopamine fix\intermediates\main.obj
c:\users\nerti\onedrive\desktop\csgo trash\dopamine fix\intermediates\hook.obj
c:\users\nerti\onedrive\desktop\csgo trash\dopamine fix\intermediates\utilities.obj
c:\users\nerti\onedrive\desktop\csgo trash\dopamine fix\intermediates\render.obj
c:\users\nerti\onedrive\desktop\csgo trash\dopamine fix\intermediates\netvar_manager.obj
c:\users\nerti\onedrive\desktop\csgo trash\dopamine fix\intermediates\md5.obj
c:\users\nerti\onedrive\desktop\csgo trash\dopamine fix\intermediates\math.obj
c:\users\nerti\onedrive\desktop\csgo trash\dopamine fix\intermediates\interfaces.obj
c:\users\nerti\onedrive\desktop\csgo trash\dopamine fix\intermediates\aimbot.obj
c:\users\nerti\onedrive\desktop\csgo trash\dopamine fix\intermediates\misc.obj
c:\users\nerti\onedrive\desktop\csgo trash\dopamine fix\intermediates\backtrack.obj
c:\users\nerti\onedrive\desktop\csgo trash\dopamine fix\intermediates\hooks.obj
c:\users\nerti\onedrive\desktop\csgo trash\dopamine fix\intermediates\visuals.obj
c:\users\nerti\onedrive\desktop\csgo trash\dopamine fix\intermediates\sound.obj
c:\users\nerti\onedrive\desktop\csgo trash\dopamine fix\intermediates\nightmode.obj
c:\users\nerti\onedrive\desktop\csgo trash\dopamine fix\intermediates\menu.obj
c:\users\nerti\onedrive\desktop\csgo trash\dopamine fix\output\debug\dopamine.dll
c:\users\nerti\onedrive\desktop\csgo trash\dopamine fix\output\debug\dopamine.pdb
c:\users\nerti\onedrive\desktop\csgo trash\dopamine fix\.\output\debug\dopamine.dll
c:\users\nerti\onedrive\desktop\csgo trash\dopamine fix\intermediates\dopamine.tlog\cl.command.1.tlog
c:\users\nerti\onedrive\desktop\csgo trash\dopamine fix\intermediates\dopamine.tlog\cl.read.1.tlog
c:\users\nerti\onedrive\desktop\csgo trash\dopamine fix\intermediates\dopamine.tlog\cl.write.1.tlog
c:\users\nerti\onedrive\desktop\csgo trash\dopamine fix\intermediates\dopamine.tlog\link.command.1.tlog
c:\users\nerti\onedrive\desktop\csgo trash\dopamine fix\intermediates\dopamine.tlog\link.read.1.tlog
c:\users\nerti\onedrive\desktop\csgo trash\dopamine fix\intermediates\dopamine.tlog\link.write.1.tlog
